<?xml version="1.0" encoding="UTF-8"?>
<testsuite xmlns:xsi="http://www.w3.org/2001/XMLSchema-instance" xsi:noNamespaceSchemaLocation="https://maven.apache.org/surefire/maven-surefire-plugin/xsd/surefire-test-report.xsd" version="3.0.2" name="com.shoppinglist.springboot.SpringbootShopApplicationTests" time="6.662" tests="1" errors="0" skipped="0" failures="0">
  <properties>
    <property name="java.specification.version" value="17"/>
    <property name="sun.cpu.isalist" value="amd64"/>
    <property name="sun.jnu.encoding" value="Cp1250"/>
    <property name="java.class.path" value="C:\Users\micha\OneDrive\Dokumenty\GitHub\Shopping-List-App-BE\target\test-classes;C:\Users\micha\OneDrive\Dokumenty\GitHub\Shopping-List-App-BE\target\classes;C:\Users\micha\.m2\repository\org\springframework\boot\spring-boot-starter-mail\3.4.0\spring-boot-starter-mail-3.4.0.jar;C:\Users\micha\.m2\repository\org\springframework\boot\spring-boot-starter\3.4.0\spring-boot-starter-3.4.0.jar;C:\Users\micha\.m2\repository\org\springframework\boot\spring-boot\3.4.0\spring-boot-3.4.0.jar;C:\Users\micha\.m2\repository\org\springframework\boot\spring-boot-autoconfigure\3.4.0\spring-boot-autoconfigure-3.4.0.jar;C:\Users\micha\.m2\repository\org\springframework\boot\spring-boot-starter-logging\3.4.0\spring-boot-starter-logging-3.4.0.jar;C:\Users\micha\.m2\repository\ch\qos\logback\logback-classic\1.5.12\logback-classic-1.5.12.jar;C:\Users\micha\.m2\repository\ch\qos\logback\logback-core\1.5.12\logback-core-1.5.12.jar;C:\Users\micha\.m2\repository\org\apache\logging\log4j\log4j-to-slf4j\2.24.1\log4j-to-slf4j-2.24.1.jar;C:\Users\micha\.m2\repository\org\apache\logging\log4j\log4j-api\2.24.1\log4j-api-2.24.1.jar;C:\Users\micha\.m2\repository\org\slf4j\jul-to-slf4j\2.0.16\jul-to-slf4j-2.0.16.jar;C:\Users\micha\.m2\repository\jakarta\annotation\jakarta.annotation-api\2.1.1\jakarta.annotation-api-2.1.1.jar;C:\Users\micha\.m2\repository\org\yaml\snakeyaml\2.3\snakeyaml-2.3.jar;C:\Users\micha\.m2\repository\org\springframework\spring-context-support\6.2.0\spring-context-support-6.2.0.jar;C:\Users\micha\.m2\repository\org\springframework\spring-beans\6.2.0\spring-beans-6.2.0.jar;C:\Users\micha\.m2\repository\org\springframework\spring-context\6.2.0\spring-context-6.2.0.jar;C:\Users\micha\.m2\repository\org\eclipse\angus\jakarta.mail\2.0.3\jakarta.mail-2.0.3.jar;C:\Users\micha\.m2\repository\jakarta\activation\jakarta.activation-api\2.1.3\jakarta.activation-api-2.1.3.jar;C:\Users\micha\.m2\repository\org\eclipse\angus\angus-activation\2.0.2\angus-activation-2.0.2.jar;C:\Users\micha\.m2\repository\org\springframework\boot\spring-boot-starter-web\3.4.0\spring-boot-starter-web-3.4.0.jar;C:\Users\micha\.m2\repository\org\springframework\boot\spring-boot-starter-json\3.4.0\spring-boot-starter-json-3.4.0.jar;C:\Users\micha\.m2\repository\com\fasterxml\jackson\datatype\jackson-datatype-jdk8\2.18.1\jackson-datatype-jdk8-2.18.1.jar;C:\Users\micha\.m2\repository\com\fasterxml\jackson\datatype\jackson-datatype-jsr310\2.18.1\jackson-datatype-jsr310-2.18.1.jar;C:\Users\micha\.m2\repository\com\fasterxml\jackson\module\jackson-module-parameter-names\2.18.1\jackson-module-parameter-names-2.18.1.jar;C:\Users\micha\.m2\repository\org\springframework\boot\spring-boot-starter-tomcat\3.4.0\spring-boot-starter-tomcat-3.4.0.jar;C:\Users\micha\.m2\repository\org\apache\tomcat\embed\tomcat-embed-core\10.1.33\tomcat-embed-core-10.1.33.jar;C:\Users\micha\.m2\repository\org\apache\tomcat\embed\tomcat-embed-el\10.1.33\tomcat-embed-el-10.1.33.jar;C:\Users\micha\.m2\repository\org\apache\tomcat\embed\tomcat-embed-websocket\10.1.33\tomcat-embed-websocket-10.1.33.jar;C:\Users\micha\.m2\repository\org\springframework\spring-web\6.2.0\spring-web-6.2.0.jar;C:\Users\micha\.m2\repository\io\micrometer\micrometer-observation\1.14.1\micrometer-observation-1.14.1.jar;C:\Users\micha\.m2\repository\io\micrometer\micrometer-commons\1.14.1\micrometer-commons-1.14.1.jar;C:\Users\micha\.m2\repository\org\springframework\spring-webmvc\6.2.0\spring-webmvc-6.2.0.jar;C:\Users\micha\.m2\repository\org\springframework\spring-aop\6.2.0\spring-aop-6.2.0.jar;C:\Users\micha\.m2\repository\org\springframework\spring-expression\6.2.0\spring-expression-6.2.0.jar;C:\Users\micha\.m2\repository\org\postgresql\postgresql\42.7.4\postgresql-42.7.4.jar;C:\Users\micha\.m2\repository\org\checkerframework\checker-qual\3.42.0\checker-qual-3.42.0.jar;C:\Users\micha\.m2\repository\org\springframework\boot\spring-boot-starter-test\3.4.0\spring-boot-starter-test-3.4.0.jar;C:\Users\micha\.m2\repository\org\springframework\boot\spring-boot-test\3.4.0\spring-boot-test-3.4.0.jar;C:\Users\micha\.m2\repository\org\springframework\boot\spring-boot-test-autoconfigure\3.4.0\spring-boot-test-autoconfigure-3.4.0.jar;C:\Users\micha\.m2\repository\com\jayway\jsonpath\json-path\2.9.0\json-path-2.9.0.jar;C:\Users\micha\.m2\repository\org\slf4j\slf4j-api\2.0.16\slf4j-api-2.0.16.jar;C:\Users\micha\.m2\repository\jakarta\xml\bind\jakarta.xml.bind-api\4.0.2\jakarta.xml.bind-api-4.0.2.jar;C:\Users\micha\.m2\repository\net\minidev\json-smart\2.5.1\json-smart-2.5.1.jar;C:\Users\micha\.m2\repository\net\minidev\accessors-smart\2.5.1\accessors-smart-2.5.1.jar;C:\Users\micha\.m2\repository\org\ow2\asm\asm\9.6\asm-9.6.jar;C:\Users\micha\.m2\repository\org\assertj\assertj-core\3.26.3\assertj-core-3.26.3.jar;C:\Users\micha\.m2\repository\net\bytebuddy\byte-buddy\1.15.10\byte-buddy-1.15.10.jar;C:\Users\micha\.m2\repository\org\awaitility\awaitility\4.2.2\awaitility-4.2.2.jar;C:\Users\micha\.m2\repository\org\hamcrest\hamcrest\2.2\hamcrest-2.2.jar;C:\Users\micha\.m2\repository\org\junit\jupiter\junit-jupiter\5.11.3\junit-jupiter-5.11.3.jar;C:\Users\micha\.m2\repository\org\junit\jupiter\junit-jupiter-api\5.11.3\junit-jupiter-api-5.11.3.jar;C:\Users\micha\.m2\repository\org\opentest4j\opentest4j\1.3.0\opentest4j-1.3.0.jar;C:\Users\micha\.m2\repository\org\junit\platform\junit-platform-commons\1.11.3\junit-platform-commons-1.11.3.jar;C:\Users\micha\.m2\repository\org\apiguardian\apiguardian-api\1.1.2\apiguardian-api-1.1.2.jar;C:\Users\micha\.m2\repository\org\junit\jupiter\junit-jupiter-params\5.11.3\junit-jupiter-params-5.11.3.jar;C:\Users\micha\.m2\repository\org\junit\jupiter\junit-jupiter-engine\5.11.3\junit-jupiter-engine-5.11.3.jar;C:\Users\micha\.m2\repository\org\junit\platform\junit-platform-engine\1.11.3\junit-platform-engine-1.11.3.jar;C:\Users\micha\.m2\repository\org\mockito\mockito-core\5.14.2\mockito-core-5.14.2.jar;C:\Users\micha\.m2\repository\net\bytebuddy\byte-buddy-agent\1.15.10\byte-buddy-agent-1.15.10.jar;C:\Users\micha\.m2\repository\org\objenesis\objenesis\3.3\objenesis-3.3.jar;C:\Users\micha\.m2\repository\org\mockito\mockito-junit-jupiter\5.14.2\mockito-junit-jupiter-5.14.2.jar;C:\Users\micha\.m2\repository\org\skyscreamer\jsonassert\1.5.3\jsonassert-1.5.3.jar;C:\Users\micha\.m2\repository\com\vaadin\external\google\android-json\0.0.20131108.vaadin1\android-json-0.0.20131108.vaadin1.jar;C:\Users\micha\.m2\repository\org\springframework\spring-core\6.2.0\spring-core-6.2.0.jar;C:\Users\micha\.m2\repository\org\springframework\spring-jcl\6.2.0\spring-jcl-6.2.0.jar;C:\Users\micha\.m2\repository\org\springframework\spring-test\6.2.0\spring-test-6.2.0.jar;C:\Users\micha\.m2\repository\org\xmlunit\xmlunit-core\2.10.0\xmlunit-core-2.10.0.jar;C:\Users\micha\.m2\repository\org\springframework\boot\spring-boot-starter-data-jpa\3.4.0\spring-boot-starter-data-jpa-3.4.0.jar;C:\Users\micha\.m2\repository\org\springframework\boot\spring-boot-starter-jdbc\3.4.0\spring-boot-starter-jdbc-3.4.0.jar;C:\Users\micha\.m2\repository\com\zaxxer\HikariCP\5.1.0\HikariCP-5.1.0.jar;C:\Users\micha\.m2\repository\org\springframework\spring-jdbc\6.2.0\spring-jdbc-6.2.0.jar;C:\Users\micha\.m2\repository\org\hibernate\orm\hibernate-core\6.6.2.Final\hibernate-core-6.6.2.Final.jar;C:\Users\micha\.m2\repository\jakarta\persistence\jakarta.persistence-api\3.1.0\jakarta.persistence-api-3.1.0.jar;C:\Users\micha\.m2\repository\jakarta\transaction\jakarta.transaction-api\2.0.1\jakarta.transaction-api-2.0.1.jar;C:\Users\micha\.m2\repository\org\jboss\logging\jboss-logging\3.6.1.Final\jboss-logging-3.6.1.Final.jar;C:\Users\micha\.m2\repository\org\hibernate\common\hibernate-commons-annotations\7.0.3.Final\hibernate-commons-annotations-7.0.3.Final.jar;C:\Users\micha\.m2\repository\io\smallrye\jandex\3.2.0\jandex-3.2.0.jar;C:\Users\micha\.m2\repository\com\fasterxml\classmate\1.7.0\classmate-1.7.0.jar;C:\Users\micha\.m2\repository\org\glassfish\jaxb\jaxb-runtime\4.0.5\jaxb-runtime-4.0.5.jar;C:\Users\micha\.m2\repository\org\glassfish\jaxb\jaxb-core\4.0.5\jaxb-core-4.0.5.jar;C:\Users\micha\.m2\repository\org\glassfish\jaxb\txw2\4.0.5\txw2-4.0.5.jar;C:\Users\micha\.m2\repository\com\sun\istack\istack-commons-runtime\4.1.2\istack-commons-runtime-4.1.2.jar;C:\Users\micha\.m2\repository\jakarta\inject\jakarta.inject-api\2.0.1\jakarta.inject-api-2.0.1.jar;C:\Users\micha\.m2\repository\org\antlr\antlr4-runtime\4.13.0\antlr4-runtime-4.13.0.jar;C:\Users\micha\.m2\repository\org\springframework\data\spring-data-jpa\3.4.0\spring-data-jpa-3.4.0.jar;C:\Users\micha\.m2\repository\org\springframework\data\spring-data-commons\3.4.0\spring-data-commons-3.4.0.jar;C:\Users\micha\.m2\repository\org\springframework\spring-orm\6.2.0\spring-orm-6.2.0.jar;C:\Users\micha\.m2\repository\org\springframework\spring-tx\6.2.0\spring-tx-6.2.0.jar;C:\Users\micha\.m2\repository\org\springframework\spring-aspects\6.2.0\spring-aspects-6.2.0.jar;C:\Users\micha\.m2\repository\org\aspectj\aspectjweaver\1.9.22.1\aspectjweaver-1.9.22.1.jar;C:\Users\micha\.m2\repository\javax\xml\bind\jaxb-api\2.3.0\jaxb-api-2.3.0.jar;C:\Users\micha\.m2\repository\org\springframework\security\spring-security-crypto\6.4.1\spring-security-crypto-6.4.1.jar;C:\Users\micha\.m2\repository\io\jsonwebtoken\jjwt-api\0.11.2\jjwt-api-0.11.2.jar;C:\Users\micha\.m2\repository\io\jsonwebtoken\jjwt-impl\0.11.2\jjwt-impl-0.11.2.jar;C:\Users\micha\.m2\repository\io\jsonwebtoken\jjwt-jackson\0.11.2\jjwt-jackson-0.11.2.jar;C:\Users\micha\.m2\repository\com\fasterxml\jackson\core\jackson-databind\2.18.1\jackson-databind-2.18.1.jar;C:\Users\micha\.m2\repository\com\fasterxml\jackson\core\jackson-annotations\2.18.1\jackson-annotations-2.18.1.jar;C:\Users\micha\.m2\repository\com\fasterxml\jackson\core\jackson-core\2.18.1\jackson-core-2.18.1.jar;C:\Users\micha\.m2\repository\javax\servlet\javax.servlet-api\4.0.1\javax.servlet-api-4.0.1.jar;"/>
    <property name="java.vm.vendor" value="Oracle Corporation"/>
    <property name="sun.arch.data.model" value="64"/>
    <property name="user.variant" value=""/>
    <property name="java.vendor.url" value="https://java.oracle.com/"/>
    <property name="user.timezone" value="Europe/Warsaw"/>
    <property name="org.jboss.logging.provider" value="slf4j"/>
    <property name="os.name" value="Windows 10"/>
    <property name="java.vm.specification.version" value="17"/>
    <property name="APPLICATION_NAME" value="springboot-shop"/>
    <property name="sun.java.launcher" value="SUN_STANDARD"/>
    <property name="user.country" value="PL"/>
    <property name="sun.boot.library.path" value="C:\Program Files\Java\jdk-17\bin"/>
    <property name="sun.java.command" value="C:\Users\micha\AppData\Local\Temp\surefire18115091090579836666\surefirebooter-20241126093830015_3.jar C:\Users\micha\AppData\Local\Temp\surefire18115091090579836666 2024-11-26T09-38-29_836-jvmRun1 surefire-20241126093830015_1tmp surefire_0-20241126093830015_2tmp"/>
    <property name="jdk.debug" value="release"/>
    <property name="surefire.test.class.path" value="C:\Users\micha\OneDrive\Dokumenty\GitHub\Shopping-List-App-BE\target\test-classes;C:\Users\micha\OneDrive\Dokumenty\GitHub\Shopping-List-App-BE\target\classes;C:\Users\micha\.m2\repository\org\springframework\boot\spring-boot-starter-mail\3.4.0\spring-boot-starter-mail-3.4.0.jar;C:\Users\micha\.m2\repository\org\springframework\boot\spring-boot-starter\3.4.0\spring-boot-starter-3.4.0.jar;C:\Users\micha\.m2\repository\org\springframework\boot\spring-boot\3.4.0\spring-boot-3.4.0.jar;C:\Users\micha\.m2\repository\org\springframework\boot\spring-boot-autoconfigure\3.4.0\spring-boot-autoconfigure-3.4.0.jar;C:\Users\micha\.m2\repository\org\springframework\boot\spring-boot-starter-logging\3.4.0\spring-boot-starter-logging-3.4.0.jar;C:\Users\micha\.m2\repository\ch\qos\logback\logback-classic\1.5.12\logback-classic-1.5.12.jar;C:\Users\micha\.m2\repository\ch\qos\logback\logback-core\1.5.12\logback-core-1.5.12.jar;C:\Users\micha\.m2\repository\org\apache\logging\log4j\log4j-to-slf4j\2.24.1\log4j-to-slf4j-2.24.1.jar;C:\Users\micha\.m2\repository\org\apache\logging\log4j\log4j-api\2.24.1\log4j-api-2.24.1.jar;C:\Users\micha\.m2\repository\org\slf4j\jul-to-slf4j\2.0.16\jul-to-slf4j-2.0.16.jar;C:\Users\micha\.m2\repository\jakarta\annotation\jakarta.annotation-api\2.1.1\jakarta.annotation-api-2.1.1.jar;C:\Users\micha\.m2\repository\org\yaml\snakeyaml\2.3\snakeyaml-2.3.jar;C:\Users\micha\.m2\repository\org\springframework\spring-context-support\6.2.0\spring-context-support-6.2.0.jar;C:\Users\micha\.m2\repository\org\springframework\spring-beans\6.2.0\spring-beans-6.2.0.jar;C:\Users\micha\.m2\repository\org\springframework\spring-context\6.2.0\spring-context-6.2.0.jar;C:\Users\micha\.m2\repository\org\eclipse\angus\jakarta.mail\2.0.3\jakarta.mail-2.0.3.jar;C:\Users\micha\.m2\repository\jakarta\activation\jakarta.activation-api\2.1.3\jakarta.activation-api-2.1.3.jar;C:\Users\micha\.m2\repository\org\eclipse\angus\angus-activation\2.0.2\angus-activation-2.0.2.jar;C:\Users\micha\.m2\repository\org\springframework\boot\spring-boot-starter-web\3.4.0\spring-boot-starter-web-3.4.0.jar;C:\Users\micha\.m2\repository\org\springframework\boot\spring-boot-starter-json\3.4.0\spring-boot-starter-json-3.4.0.jar;C:\Users\micha\.m2\repository\com\fasterxml\jackson\datatype\jackson-datatype-jdk8\2.18.1\jackson-datatype-jdk8-2.18.1.jar;C:\Users\micha\.m2\repository\com\fasterxml\jackson\datatype\jackson-datatype-jsr310\2.18.1\jackson-datatype-jsr310-2.18.1.jar;C:\Users\micha\.m2\repository\com\fasterxml\jackson\module\jackson-module-parameter-names\2.18.1\jackson-module-parameter-names-2.18.1.jar;C:\Users\micha\.m2\repository\org\springframework\boot\spring-boot-starter-tomcat\3.4.0\spring-boot-starter-tomcat-3.4.0.jar;C:\Users\micha\.m2\repository\org\apache\tomcat\embed\tomcat-embed-core\10.1.33\tomcat-embed-core-10.1.33.jar;C:\Users\micha\.m2\repository\org\apache\tomcat\embed\tomcat-embed-el\10.1.33\tomcat-embed-el-10.1.33.jar;C:\Users\micha\.m2\repository\org\apache\tomcat\embed\tomcat-embed-websocket\10.1.33\tomcat-embed-websocket-10.1.33.jar;C:\Users\micha\.m2\repository\org\springframework\spring-web\6.2.0\spring-web-6.2.0.jar;C:\Users\micha\.m2\repository\io\micrometer\micrometer-observation\1.14.1\micrometer-observation-1.14.1.jar;C:\Users\micha\.m2\repository\io\micrometer\micrometer-commons\1.14.1\micrometer-commons-1.14.1.jar;C:\Users\micha\.m2\repository\org\springframework\spring-webmvc\6.2.0\spring-webmvc-6.2.0.jar;C:\Users\micha\.m2\repository\org\springframework\spring-aop\6.2.0\spring-aop-6.2.0.jar;C:\Users\micha\.m2\repository\org\springframework\spring-expression\6.2.0\spring-expression-6.2.0.jar;C:\Users\micha\.m2\repository\org\postgresql\postgresql\42.7.4\postgresql-42.7.4.jar;C:\Users\micha\.m2\repository\org\checkerframework\checker-qual\3.42.0\checker-qual-3.42.0.jar;C:\Users\micha\.m2\repository\org\springframework\boot\spring-boot-starter-test\3.4.0\spring-boot-starter-test-3.4.0.jar;C:\Users\micha\.m2\repository\org\springframework\boot\spring-boot-test\3.4.0\spring-boot-test-3.4.0.jar;C:\Users\micha\.m2\repository\org\springframework\boot\spring-boot-test-autoconfigure\3.4.0\spring-boot-test-autoconfigure-3.4.0.jar;C:\Users\micha\.m2\repository\com\jayway\jsonpath\json-path\2.9.0\json-path-2.9.0.jar;C:\Users\micha\.m2\repository\org\slf4j\slf4j-api\2.0.16\slf4j-api-2.0.16.jar;C:\Users\micha\.m2\repository\jakarta\xml\bind\jakarta.xml.bind-api\4.0.2\jakarta.xml.bind-api-4.0.2.jar;C:\Users\micha\.m2\repository\net\minidev\json-smart\2.5.1\json-smart-2.5.1.jar;C:\Users\micha\.m2\repository\net\minidev\accessors-smart\2.5.1\accessors-smart-2.5.1.jar;C:\Users\micha\.m2\repository\org\ow2\asm\asm\9.6\asm-9.6.jar;C:\Users\micha\.m2\repository\org\assertj\assertj-core\3.26.3\assertj-core-3.26.3.jar;C:\Users\micha\.m2\repository\net\bytebuddy\byte-buddy\1.15.10\byte-buddy-1.15.10.jar;C:\Users\micha\.m2\repository\org\awaitility\awaitility\4.2.2\awaitility-4.2.2.jar;C:\Users\micha\.m2\repository\org\hamcrest\hamcrest\2.2\hamcrest-2.2.jar;C:\Users\micha\.m2\repository\org\junit\jupiter\junit-jupiter\5.11.3\junit-jupiter-5.11.3.jar;C:\Users\micha\.m2\repository\org\junit\jupiter\junit-jupiter-api\5.11.3\junit-jupiter-api-5.11.3.jar;C:\Users\micha\.m2\repository\org\opentest4j\opentest4j\1.3.0\opentest4j-1.3.0.jar;C:\Users\micha\.m2\repository\org\junit\platform\junit-platform-commons\1.11.3\junit-platform-commons-1.11.3.jar;C:\Users\micha\.m2\repository\org\apiguardian\apiguardian-api\1.1.2\apiguardian-api-1.1.2.jar;C:\Users\micha\.m2\repository\org\junit\jupiter\junit-jupiter-params\5.11.3\junit-jupiter-params-5.11.3.jar;C:\Users\micha\.m2\repository\org\junit\jupiter\junit-jupiter-engine\5.11.3\junit-jupiter-engine-5.11.3.jar;C:\Users\micha\.m2\repository\org\junit\platform\junit-platform-engine\1.11.3\junit-platform-engine-1.11.3.jar;C:\Users\micha\.m2\repository\org\mockito\mockito-core\5.14.2\mockito-core-5.14.2.jar;C:\Users\micha\.m2\repository\net\bytebuddy\byte-buddy-agent\1.15.10\byte-buddy-agent-1.15.10.jar;C:\Users\micha\.m2\repository\org\objenesis\objenesis\3.3\objenesis-3.3.jar;C:\Users\micha\.m2\repository\org\mockito\mockito-junit-jupiter\5.14.2\mockito-junit-jupiter-5.14.2.jar;C:\Users\micha\.m2\repository\org\skyscreamer\jsonassert\1.5.3\jsonassert-1.5.3.jar;C:\Users\micha\.m2\repository\com\vaadin\external\google\android-json\0.0.20131108.vaadin1\android-json-0.0.20131108.vaadin1.jar;C:\Users\micha\.m2\repository\org\springframework\spring-core\6.2.0\spring-core-6.2.0.jar;C:\Users\micha\.m2\repository\org\springframework\spring-jcl\6.2.0\spring-jcl-6.2.0.jar;C:\Users\micha\.m2\repository\org\springframework\spring-test\6.2.0\spring-test-6.2.0.jar;C:\Users\micha\.m2\repository\org\xmlunit\xmlunit-core\2.10.0\xmlunit-core-2.10.0.jar;C:\Users\micha\.m2\repository\org\springframework\boot\spring-boot-starter-data-jpa\3.4.0\spring-boot-starter-data-jpa-3.4.0.jar;C:\Users\micha\.m2\repository\org\springframework\boot\spring-boot-starter-jdbc\3.4.0\spring-boot-starter-jdbc-3.4.0.jar;C:\Users\micha\.m2\repository\com\zaxxer\HikariCP\5.1.0\HikariCP-5.1.0.jar;C:\Users\micha\.m2\repository\org\springframework\spring-jdbc\6.2.0\spring-jdbc-6.2.0.jar;C:\Users\micha\.m2\repository\org\hibernate\orm\hibernate-core\6.6.2.Final\hibernate-core-6.6.2.Final.jar;C:\Users\micha\.m2\repository\jakarta\persistence\jakarta.persistence-api\3.1.0\jakarta.persistence-api-3.1.0.jar;C:\Users\micha\.m2\repository\jakarta\transaction\jakarta.transaction-api\2.0.1\jakarta.transaction-api-2.0.1.jar;C:\Users\micha\.m2\repository\org\jboss\logging\jboss-logging\3.6.1.Final\jboss-logging-3.6.1.Final.jar;C:\Users\micha\.m2\repository\org\hibernate\common\hibernate-commons-annotations\7.0.3.Final\hibernate-commons-annotations-7.0.3.Final.jar;C:\Users\micha\.m2\repository\io\smallrye\jandex\3.2.0\jandex-3.2.0.jar;C:\Users\micha\.m2\repository\com\fasterxml\classmate\1.7.0\classmate-1.7.0.jar;C:\Users\micha\.m2\repository\org\glassfish\jaxb\jaxb-runtime\4.0.5\jaxb-runtime-4.0.5.jar;C:\Users\micha\.m2\repository\org\glassfish\jaxb\jaxb-core\4.0.5\jaxb-core-4.0.5.jar;C:\Users\micha\.m2\repository\org\glassfish\jaxb\txw2\4.0.5\txw2-4.0.5.jar;C:\Users\micha\.m2\repository\com\sun\istack\istack-commons-runtime\4.1.2\istack-commons-runtime-4.1.2.jar;C:\Users\micha\.m2\repository\jakarta\inject\jakarta.inject-api\2.0.1\jakarta.inject-api-2.0.1.jar;C:\Users\micha\.m2\repository\org\antlr\antlr4-runtime\4.13.0\antlr4-runtime-4.13.0.jar;C:\Users\micha\.m2\repository\org\springframework\data\spring-data-jpa\3.4.0\spring-data-jpa-3.4.0.jar;C:\Users\micha\.m2\repository\org\springframework\data\spring-data-commons\3.4.0\spring-data-commons-3.4.0.jar;C:\Users\micha\.m2\repository\org\springframework\spring-orm\6.2.0\spring-orm-6.2.0.jar;C:\Users\micha\.m2\repository\org\springframework\spring-tx\6.2.0\spring-tx-6.2.0.jar;C:\Users\micha\.m2\repository\org\springframework\spring-aspects\6.2.0\spring-aspects-6.2.0.jar;C:\Users\micha\.m2\repository\org\aspectj\aspectjweaver\1.9.22.1\aspectjweaver-1.9.22.1.jar;C:\Users\micha\.m2\repository\javax\xml\bind\jaxb-api\2.3.0\jaxb-api-2.3.0.jar;C:\Users\micha\.m2\repository\org\springframework\security\spring-security-crypto\6.4.1\spring-security-crypto-6.4.1.jar;C:\Users\micha\.m2\repository\io\jsonwebtoken\jjwt-api\0.11.2\jjwt-api-0.11.2.jar;C:\Users\micha\.m2\repository\io\jsonwebtoken\jjwt-impl\0.11.2\jjwt-impl-0.11.2.jar;C:\Users\micha\.m2\repository\io\jsonwebtoken\jjwt-jackson\0.11.2\jjwt-jackson-0.11.2.jar;C:\Users\micha\.m2\repository\com\fasterxml\jackson\core\jackson-databind\2.18.1\jackson-databind-2.18.1.jar;C:\Users\micha\.m2\repository\com\fasterxml\jackson\core\jackson-annotations\2.18.1\jackson-annotations-2.18.1.jar;C:\Users\micha\.m2\repository\com\fasterxml\jackson\core\jackson-core\2.18.1\jackson-core-2.18.1.jar;C:\Users\micha\.m2\repository\javax\servlet\javax.servlet-api\4.0.1\javax.servlet-api-4.0.1.jar;"/>
    <property name="sun.cpu.endian" value="little"/>
    <property name="user.home" value="C:\Users\micha"/>
    <property name="user.language" value="pl"/>
    <property name="java.specification.vendor" value="Oracle Corporation"/>
    <property name="java.version.date" value="2024-07-16"/>
    <property name="java.home" value="C:\Program Files\Java\jdk-17"/>
    <property name="file.separator" value="\"/>
    <property name="basedir" value="C:\Users\micha\OneDrive\Dokumenty\GitHub\Shopping-List-App-BE"/>
    <property name="java.vm.compressedOopsMode" value="32-bit"/>
    <property name="line.separator" value="&#10;"/>
    <property name="java.vm.specification.vendor" value="Oracle Corporation"/>
    <property name="java.specification.name" value="Java Platform API Specification"/>
    <property name="FILE_LOG_CHARSET" value="windows-1250"/>
    <property name="java.awt.headless" value="true"/>
    <property name="surefire.real.class.path" value="C:\Users\micha\AppData\Local\Temp\surefire18115091090579836666\surefirebooter-20241126093830015_3.jar"/>
    <property name="user.script" value=""/>
    <property name="sun.management.compiler" value="HotSpot 64-Bit Tiered Compilers"/>
    <property name="java.runtime.version" value="17.0.12+8-LTS-286"/>
    <property name="user.name" value="micha"/>
    <property name="path.separator" value=";"/>
    <property name="os.version" value="10.0"/>
    <property name="java.runtime.name" value="Java(TM) SE Runtime Environment"/>
    <property name="file.encoding" value="Cp1250"/>
    <property name="java.vm.name" value="Java HotSpot(TM) 64-Bit Server VM"/>
    <property name="localRepository" value="C:\Users\micha\.m2\repository"/>
    <property name="java.vendor.url.bug" value="https://bugreport.java.com/bugreport/"/>
    <property name="java.io.tmpdir" value="C:\Users\micha\AppData\Local\Temp\"/>
    <property name="com.zaxxer.hikari.pool_number" value="1"/>
    <property name="java.version" value="17.0.12"/>
    <property name="user.dir" value="C:\Users\micha\OneDrive\Dokumenty\GitHub\Shopping-List-App-BE"/>
    <property name="os.arch" value="amd64"/>
    <property name="java.vm.specification.name" value="Java Virtual Machine Specification"/>
    <property name="PID" value="30988"/>
    <property name="sun.os.patch.level" value=""/>
    <property name="CONSOLE_LOG_CHARSET" value="windows-1250"/>
    <property name="native.encoding" value="Cp1250"/>
    <property name="java.library.path" value="C:\Program Files\Java\jdk-17\bin;C:\WINDOWS\Sun\Java\bin;C:\WINDOWS\system32;C:\WINDOWS;D:\bin\;C:\Program Files\Common Files\Oracle\Java\javapath;C:\Program Files (x86)\Common Files\Oracle\Java\javapath;C:\ProgramData\Oracle\Java\javapath;C:\Windows\system32;C:\Windows;C:\Windows\System32\Wbem;C:\Windows\System32\WindowsPowerShell\v1.0\;C:\Windows\System32\OpenSSH\;C:\WINDOWS\system32;C:\WINDOWS;C:\WINDOWS\System32\Wbem;C:\WINDOWS\System32\WindowsPowerShell\v1.0\;C:\WINDOWS\System32\OpenSSH\;C:\Program Files (x86)\ZeroTier\One\;C:\Program Files\Microsoft\Web Platform Installer\;C:\Program Files\Git\cmd;C:\Program Files\dotnet\;C:\Program Files (x86)\NVIDIA Corporation\PhysX\Common;C:\Program Files\NVIDIA Corporation\NVIDIA NvDLISR;C:\Program Files\Microsoft SQL Server\130\Tools\Binn\;C:\Program Files\Microsoft SQL Server\Client SDK\ODBC\170\Tools\Binn\;C:\ProgramData\chocolatey\bin;C:\Program Files (x86)\apache-maven-3.9.8\bin;;C:\Program Files\nodejs\;C:\Users\micha\AppData\Local\Microsoft\WindowsApps;C:\Program Files\JetBrains\IntelliJ IDEA Community Edition 2021.1.1\bin;;C:\Users\micha\.dotnet\tools;C:\Users\micha\AppData\Local\Programs\Microsoft VS Code\bin;C:\msys64\mingw64\bin;C:\Users\micha\AppData\Local\GitHubDesktop\bin;C:\Program Files\PostgreSQL\16\bin\;C:\rtools40\usr\bin;C:\rtools40\mingw64\bin;C:\Users\micha\AppData\Roaming\npm;C:\Program Files\nodejs;C:\Users\micha\.jdks\openjdk-21.0.2\bin;;."/>
    <property name="java.vm.info" value="mixed mode, sharing"/>
    <property name="java.vendor" value="Oracle Corporation"/>
    <property name="java.vm.version" value="17.0.12+8-LTS-286"/>
    <property name="sun.io.unicode.encoding" value="UnicodeLittle"/>
    <property name="java.class.version" value="61.0"/>
    <property name="LOGGED_APPLICATION_NAME" value="[springboot-shop] "/>
  </properties>
  <testcase name="contextLoads" classname="com.shoppinglist.springboot.SpringbootShopApplicationTests" time="0.471">
    <system-out><![CDATA[09:38:30.864 [main] INFO org.springframework.test.context.support.AnnotationConfigContextLoaderUtils -- Could not detect default configuration classes for test class [com.shoppinglist.springboot.SpringbootShopApplicationTests]: SpringbootShopApplicationTests does not declare any static, non-private, non-final, nested classes annotated with @Configuration.
09:38:30.994 [main] INFO org.springframework.boot.test.context.SpringBootTestContextBootstrapper -- Found @SpringBootConfiguration com.shoppinglist.springboot.SpringbootShopApplication for test class com.shoppinglist.springboot.SpringbootShopApplicationTests

  .   ____          _            __ _ _
 /\\ / ___'_ __ _ _(_)_ __  __ _ \ \ \ \
( ( )\___ | '_ | '_| | '_ \/ _` | \ \ \ \
 \\/  ___)| |_)| | | | | || (_| |  ) ) ) )
  '  |____| .__|_| |_|_| |_\__, | / / / /
 =========|_|==============|___/=/_/_/_/

 :: Spring Boot ::                (v3.4.0)

2024-11-26T09:38:31.497+01:00  INFO 30988 --- [springboot-shop] [           main] c.s.s.SpringbootShopApplicationTests     : Starting SpringbootShopApplicationTests using Java 17.0.12 with PID 30988 (started by micha in C:\Users\micha\OneDrive\Dokumenty\GitHub\Shopping-List-App-BE)
2024-11-26T09:38:31.499+01:00  INFO 30988 --- [springboot-shop] [           main] c.s.s.SpringbootShopApplicationTests     : No active profile set, falling back to 1 default profile: "default"
2024-11-26T09:38:32.317+01:00  INFO 30988 --- [springboot-shop] [           main] .s.d.r.c.RepositoryConfigurationDelegate : Bootstrapping Spring Data JPA repositories in DEFAULT mode.
2024-11-26T09:38:32.412+01:00  INFO 30988 --- [springboot-shop] [           main] .s.d.r.c.RepositoryConfigurationDelegate : Finished Spring Data repository scanning in 84 ms. Found 7 JPA repository interfaces.
2024-11-26T09:38:32.960+01:00  INFO 30988 --- [springboot-shop] [           main] o.hibernate.jpa.internal.util.LogHelper  : HHH000204: Processing PersistenceUnitInfo [name: default]
2024-11-26T09:38:33.056+01:00  INFO 30988 --- [springboot-shop] [           main] org.hibernate.Version                    : HHH000412: Hibernate ORM core version 6.6.2.Final
2024-11-26T09:38:33.109+01:00  INFO 30988 --- [springboot-shop] [           main] o.h.c.internal.RegionFactoryInitiator    : HHH000026: Second-level cache disabled
2024-11-26T09:38:33.510+01:00  INFO 30988 --- [springboot-shop] [           main] o.s.o.j.p.SpringPersistenceUnitInfo      : No LoadTimeWeaver setup: ignoring JPA class transformer
2024-11-26T09:38:33.574+01:00  INFO 30988 --- [springboot-shop] [           main] com.zaxxer.hikari.HikariDataSource       : HikariPool-1 - Starting...
2024-11-26T09:38:33.799+01:00  INFO 30988 --- [springboot-shop] [           main] com.zaxxer.hikari.pool.HikariPool        : HikariPool-1 - Added connection org.postgresql.jdbc.PgConnection@2d24cdd9
2024-11-26T09:38:33.801+01:00  INFO 30988 --- [springboot-shop] [           main] com.zaxxer.hikari.HikariDataSource       : HikariPool-1 - Start completed.
2024-11-26T09:38:33.854+01:00  WARN 30988 --- [springboot-shop] [           main] org.hibernate.orm.deprecation            : HHH90000025: PostgreSQLDialect does not need to be specified explicitly using 'hibernate.dialect' (remove the property setting and it will be selected by default)
2024-11-26T09:38:33.881+01:00  INFO 30988 --- [springboot-shop] [           main] org.hibernate.orm.connections.pooling    : HHH10001005: Database info:
	Database JDBC URL [Connecting through datasource 'HikariDataSource (HikariPool-1)']
	Database driver: undefined/unknown
	Database version: 16.2
	Autocommit mode: undefined/unknown
	Isolation level: undefined/unknown
	Minimum pool size: undefined/unknown
	Maximum pool size: undefined/unknown
2024-11-26T09:38:35.060+01:00  INFO 30988 --- [springboot-shop] [           main] o.h.e.t.j.p.i.JtaPlatformInitiator       : HHH000489: No JTA platform available (set 'hibernate.transaction.jta.platform' to enable JTA platform integration)
2024-11-26T09:38:35.177+01:00  INFO 30988 --- [springboot-shop] [           main] j.LocalContainerEntityManagerFactoryBean : Initialized JPA EntityManagerFactory for persistence unit 'default'
2024-11-26T09:38:35.917+01:00  WARN 30988 --- [springboot-shop] [           main] JpaBaseConfiguration$JpaWebConfiguration : spring.jpa.open-in-view is enabled by default. Therefore, database queries may be performed during view rendering. Explicitly configure spring.jpa.open-in-view to disable this warning
2024-11-26T09:38:36.317+01:00  INFO 30988 --- [springboot-shop] [           main] c.s.s.SpringbootShopApplicationTests     : Started SpringbootShopApplicationTests in 5.134 seconds (process running for 6.152)
Hibernate: 
    select
        kcm1_0.id,
        kcm1_0.category,
        kcm1_0.keyword 
    from
        keyword_category_mapping kcm1_0 
    where
        kcm1_0.keyword=?
Hibernate: 
    select
        kcm1_0.id,
        kcm1_0.category,
        kcm1_0.keyword 
    from
        keyword_category_mapping kcm1_0 
    where
        kcm1_0.keyword=?
Hibernate: 
    select
        kcm1_0.id,
        kcm1_0.category,
        kcm1_0.keyword 
    from
        keyword_category_mapping kcm1_0 
    where
        kcm1_0.keyword=?
Hibernate: 
    select
        kcm1_0.id,
        kcm1_0.category,
        kcm1_0.keyword 
    from
        keyword_category_mapping kcm1_0 
    where
        kcm1_0.keyword=?
Hibernate: 
    select
        kcm1_0.id,
        kcm1_0.category,
        kcm1_0.keyword 
    from
        keyword_category_mapping kcm1_0 
    where
        kcm1_0.keyword=?
Hibernate: 
    select
        kcm1_0.id,
        kcm1_0.category,
        kcm1_0.keyword 
    from
        keyword_category_mapping kcm1_0 
    where
        kcm1_0.keyword=?
Hibernate: 
    select
        kcm1_0.id,
        kcm1_0.category,
        kcm1_0.keyword 
    from
        keyword_category_mapping kcm1_0 
    where
        kcm1_0.keyword=?
Hibernate: 
    select
        kcm1_0.id,
        kcm1_0.category,
        kcm1_0.keyword 
    from
        keyword_category_mapping kcm1_0 
    where
        kcm1_0.keyword=?
Hibernate: 
    select
        kcm1_0.id,
        kcm1_0.category,
        kcm1_0.keyword 
    from
        keyword_category_mapping kcm1_0 
    where
        kcm1_0.keyword=?
Hibernate: 
    select
        kcm1_0.id,
        kcm1_0.category,
        kcm1_0.keyword 
    from
        keyword_category_mapping kcm1_0 
    where
        kcm1_0.keyword=?
Hibernate: 
    select
        kcm1_0.id,
        kcm1_0.category,
        kcm1_0.keyword 
    from
        keyword_category_mapping kcm1_0 
    where
        kcm1_0.keyword=?
Hibernate: 
    select
        kcm1_0.id,
        kcm1_0.category,
        kcm1_0.keyword 
    from
        keyword_category_mapping kcm1_0 
    where
        kcm1_0.keyword=?
Hibernate: 
    select
        kcm1_0.id,
        kcm1_0.category,
        kcm1_0.keyword 
    from
        keyword_category_mapping kcm1_0 
    where
        kcm1_0.keyword=?
Hibernate: 
    select
        kcm1_0.id,
        kcm1_0.category,
        kcm1_0.keyword 
    from
        keyword_category_mapping kcm1_0 
    where
        kcm1_0.keyword=?
Hibernate: 
    select
        kcm1_0.id,
        kcm1_0.category,
        kcm1_0.keyword 
    from
        keyword_category_mapping kcm1_0 
    where
        kcm1_0.keyword=?
Hibernate: 
    select
        kcm1_0.id,
        kcm1_0.category,
        kcm1_0.keyword 
    from
        keyword_category_mapping kcm1_0 
    where
        kcm1_0.keyword=?
Hibernate: 
    select
        kcm1_0.id,
        kcm1_0.category,
        kcm1_0.keyword 
    from
        keyword_category_mapping kcm1_0 
    where
        kcm1_0.keyword=?
Hibernate: 
    select
        kcm1_0.id,
        kcm1_0.category,
        kcm1_0.keyword 
    from
        keyword_category_mapping kcm1_0 
    where
        kcm1_0.keyword=?
Hibernate: 
    select
        kcm1_0.id,
        kcm1_0.category,
        kcm1_0.keyword 
    from
        keyword_category_mapping kcm1_0 
    where
        kcm1_0.keyword=?
Hibernate: 
    select
        kcm1_0.id,
        kcm1_0.category,
        kcm1_0.keyword 
    from
        keyword_category_mapping kcm1_0 
    where
        kcm1_0.keyword=?
Hibernate: 
    select
        kcm1_0.id,
        kcm1_0.category,
        kcm1_0.keyword 
    from
        keyword_category_mapping kcm1_0 
    where
        kcm1_0.keyword=?
Hibernate: 
    select
        kcm1_0.id,
        kcm1_0.category,
        kcm1_0.keyword 
    from
        keyword_category_mapping kcm1_0 
    where
        kcm1_0.keyword=?
Hibernate: 
    select
        kcm1_0.id,
        kcm1_0.category,
        kcm1_0.keyword 
    from
        keyword_category_mapping kcm1_0 
    where
        kcm1_0.keyword=?
Hibernate: 
    select
        kcm1_0.id,
        kcm1_0.category,
        kcm1_0.keyword 
    from
        keyword_category_mapping kcm1_0 
    where
        kcm1_0.keyword=?
Hibernate: 
    select
        kcm1_0.id,
        kcm1_0.category,
        kcm1_0.keyword 
    from
        keyword_category_mapping kcm1_0 
    where
        kcm1_0.keyword=?
Hibernate: 
    select
        kcm1_0.id,
        kcm1_0.category,
        kcm1_0.keyword 
    from
        keyword_category_mapping kcm1_0 
    where
        kcm1_0.keyword=?
Hibernate: 
    select
        kcm1_0.id,
        kcm1_0.category,
        kcm1_0.keyword 
    from
        keyword_category_mapping kcm1_0 
    where
        kcm1_0.keyword=?
Hibernate: 
    select
        kcm1_0.id,
        kcm1_0.category,
        kcm1_0.keyword 
    from
        keyword_category_mapping kcm1_0 
    where
        kcm1_0.keyword=?
Hibernate: 
    select
        kcm1_0.id,
        kcm1_0.category,
        kcm1_0.keyword 
    from
        keyword_category_mapping kcm1_0 
    where
        kcm1_0.keyword=?
Hibernate: 
    select
        kcm1_0.id,
        kcm1_0.category,
        kcm1_0.keyword 
    from
        keyword_category_mapping kcm1_0 
    where
        kcm1_0.keyword=?
Hibernate: 
    select
        kcm1_0.id,
        kcm1_0.category,
        kcm1_0.keyword 
    from
        keyword_category_mapping kcm1_0 
    where
        kcm1_0.keyword=?
Hibernate: 
    select
        kcm1_0.id,
        kcm1_0.category,
        kcm1_0.keyword 
    from
        keyword_category_mapping kcm1_0 
    where
        kcm1_0.keyword=?
Hibernate: 
    select
        kcm1_0.id,
        kcm1_0.category,
        kcm1_0.keyword 
    from
        keyword_category_mapping kcm1_0 
    where
        kcm1_0.keyword=?
Hibernate: 
    select
        kcm1_0.id,
        kcm1_0.category,
        kcm1_0.keyword 
    from
        keyword_category_mapping kcm1_0 
    where
        kcm1_0.keyword=?
Hibernate: 
    select
        kcm1_0.id,
        kcm1_0.category,
        kcm1_0.keyword 
    from
        keyword_category_mapping kcm1_0 
    where
        kcm1_0.keyword=?
Hibernate: 
    select
        kcm1_0.id,
        kcm1_0.category,
        kcm1_0.keyword 
    from
        keyword_category_mapping kcm1_0 
    where
        kcm1_0.keyword=?
Hibernate: 
    select
        kcm1_0.id,
        kcm1_0.category,
        kcm1_0.keyword 
    from
        keyword_category_mapping kcm1_0 
    where
        kcm1_0.keyword=?
Hibernate: 
    select
        kcm1_0.id,
        kcm1_0.category,
        kcm1_0.keyword 
    from
        keyword_category_mapping kcm1_0 
    where
        kcm1_0.keyword=?
Hibernate: 
    select
        kcm1_0.id,
        kcm1_0.category,
        kcm1_0.keyword 
    from
        keyword_category_mapping kcm1_0 
    where
        kcm1_0.keyword=?
Hibernate: 
    select
        kcm1_0.id,
        kcm1_0.category,
        kcm1_0.keyword 
    from
        keyword_category_mapping kcm1_0 
    where
        kcm1_0.keyword=?
Hibernate: 
    select
        kcm1_0.id,
        kcm1_0.category,
        kcm1_0.keyword 
    from
        keyword_category_mapping kcm1_0 
    where
        kcm1_0.keyword=?
Hibernate: 
    select
        kcm1_0.id,
        kcm1_0.category,
        kcm1_0.keyword 
    from
        keyword_category_mapping kcm1_0 
    where
        kcm1_0.keyword=?
Hibernate: 
    select
        kcm1_0.id,
        kcm1_0.category,
        kcm1_0.keyword 
    from
        keyword_category_mapping kcm1_0 
    where
        kcm1_0.keyword=?
Hibernate: 
    select
        kcm1_0.id,
        kcm1_0.category,
        kcm1_0.keyword 
    from
        keyword_category_mapping kcm1_0 
    where
        kcm1_0.keyword=?
Hibernate: 
    select
        kcm1_0.id,
        kcm1_0.category,
        kcm1_0.keyword 
    from
        keyword_category_mapping kcm1_0 
    where
        kcm1_0.keyword=?
Hibernate: 
    select
        kcm1_0.id,
        kcm1_0.category,
        kcm1_0.keyword 
    from
        keyword_category_mapping kcm1_0 
    where
        kcm1_0.keyword=?
Hibernate: 
    select
        kcm1_0.id,
        kcm1_0.category,
        kcm1_0.keyword 
    from
        keyword_category_mapping kcm1_0 
    where
        kcm1_0.keyword=?
Hibernate: 
    select
        kcm1_0.id,
        kcm1_0.category,
        kcm1_0.keyword 
    from
        keyword_category_mapping kcm1_0 
    where
        kcm1_0.keyword=?
Hibernate: 
    select
        kcm1_0.id,
        kcm1_0.category,
        kcm1_0.keyword 
    from
        keyword_category_mapping kcm1_0 
    where
        kcm1_0.keyword=?
Hibernate: 
    select
        kcm1_0.id,
        kcm1_0.category,
        kcm1_0.keyword 
    from
        keyword_category_mapping kcm1_0 
    where
        kcm1_0.keyword=?
Hibernate: 
    select
        kcm1_0.id,
        kcm1_0.category,
        kcm1_0.keyword 
    from
        keyword_category_mapping kcm1_0 
    where
        kcm1_0.keyword=?
Hibernate: 
    select
        kcm1_0.id,
        kcm1_0.category,
        kcm1_0.keyword 
    from
        keyword_category_mapping kcm1_0 
    where
        kcm1_0.keyword=?
Hibernate: 
    select
        kcm1_0.id,
        kcm1_0.category,
        kcm1_0.keyword 
    from
        keyword_category_mapping kcm1_0 
    where
        kcm1_0.keyword=?
Hibernate: 
    select
        kcm1_0.id,
        kcm1_0.category,
        kcm1_0.keyword 
    from
        keyword_category_mapping kcm1_0 
    where
        kcm1_0.keyword=?
Hibernate: 
    select
        kcm1_0.id,
        kcm1_0.category,
        kcm1_0.keyword 
    from
        keyword_category_mapping kcm1_0 
    where
        kcm1_0.keyword=?
Hibernate: 
    select
        kcm1_0.id,
        kcm1_0.category,
        kcm1_0.keyword 
    from
        keyword_category_mapping kcm1_0 
    where
        kcm1_0.keyword=?
Hibernate: 
    select
        kcm1_0.id,
        kcm1_0.category,
        kcm1_0.keyword 
    from
        keyword_category_mapping kcm1_0 
    where
        kcm1_0.keyword=?
Hibernate: 
    select
        kcm1_0.id,
        kcm1_0.category,
        kcm1_0.keyword 
    from
        keyword_category_mapping kcm1_0 
    where
        kcm1_0.keyword=?
Hibernate: 
    select
        kcm1_0.id,
        kcm1_0.category,
        kcm1_0.keyword 
    from
        keyword_category_mapping kcm1_0 
    where
        kcm1_0.keyword=?
Hibernate: 
    select
        kcm1_0.id,
        kcm1_0.category,
        kcm1_0.keyword 
    from
        keyword_category_mapping kcm1_0 
    where
        kcm1_0.keyword=?
Hibernate: 
    select
        p1_0.id,
        p1_0.category,
        p1_0.name 
    from
        product p1_0 
    where
        p1_0.name=?
Hibernate: 
    select
        kcm1_0.id,
        kcm1_0.category,
        kcm1_0.keyword 
    from
        keyword_category_mapping kcm1_0 
    where
        kcm1_0.keyword=?
Hibernate: 
    select
        p1_0.id,
        p1_0.category,
        p1_0.name 
    from
        product p1_0 
    where
        p1_0.name=?
Hibernate: 
    select
        kcm1_0.id,
        kcm1_0.category,
        kcm1_0.keyword 
    from
        keyword_category_mapping kcm1_0 
    where
        kcm1_0.keyword=?
Hibernate: 
    select
        p1_0.id,
        p1_0.category,
        p1_0.name 
    from
        product p1_0 
    where
        p1_0.name=?
Hibernate: 
    select
        kcm1_0.id,
        kcm1_0.category,
        kcm1_0.keyword 
    from
        keyword_category_mapping kcm1_0 
    where
        kcm1_0.keyword=?
Hibernate: 
    select
        p1_0.id,
        p1_0.category,
        p1_0.name 
    from
        product p1_0 
    where
        p1_0.name=?
Hibernate: 
    select
        kcm1_0.id,
        kcm1_0.category,
        kcm1_0.keyword 
    from
        keyword_category_mapping kcm1_0 
    where
        kcm1_0.keyword=?
Hibernate: 
    select
        p1_0.id,
        p1_0.category,
        p1_0.name 
    from
        product p1_0 
    where
        p1_0.name=?
Hibernate: 
    select
        kcm1_0.id,
        kcm1_0.category,
        kcm1_0.keyword 
    from
        keyword_category_mapping kcm1_0 
    where
        kcm1_0.keyword=?
Hibernate: 
    select
        p1_0.id,
        p1_0.category,
        p1_0.name 
    from
        product p1_0 
    where
        p1_0.name=?
Hibernate: 
    select
        kcm1_0.id,
        kcm1_0.category,
        kcm1_0.keyword 
    from
        keyword_category_mapping kcm1_0 
    where
        kcm1_0.keyword=?
Hibernate: 
    select
        p1_0.id,
        p1_0.category,
        p1_0.name 
    from
        product p1_0 
    where
        p1_0.name=?
Hibernate: 
    select
        kcm1_0.id,
        kcm1_0.category,
        kcm1_0.keyword 
    from
        keyword_category_mapping kcm1_0 
    where
        kcm1_0.keyword=?
Hibernate: 
    select
        p1_0.id,
        p1_0.category,
        p1_0.name 
    from
        product p1_0 
    where
        p1_0.name=?
Hibernate: 
    select
        kcm1_0.id,
        kcm1_0.category,
        kcm1_0.keyword 
    from
        keyword_category_mapping kcm1_0 
    where
        kcm1_0.keyword=?
Hibernate: 
    select
        p1_0.id,
        p1_0.category,
        p1_0.name 
    from
        product p1_0 
    where
        p1_0.name=?
Hibernate: 
    select
        kcm1_0.id,
        kcm1_0.category,
        kcm1_0.keyword 
    from
        keyword_category_mapping kcm1_0 
    where
        kcm1_0.keyword=?
Hibernate: 
    select
        p1_0.id,
        p1_0.category,
        p1_0.name 
    from
        product p1_0 
    where
        p1_0.name=?
Hibernate: 
    select
        kcm1_0.id,
        kcm1_0.category,
        kcm1_0.keyword 
    from
        keyword_category_mapping kcm1_0 
    where
        kcm1_0.keyword=?
Hibernate: 
    select
        p1_0.id,
        p1_0.category,
        p1_0.name 
    from
        product p1_0 
    where
        p1_0.name=?
Hibernate: 
    select
        kcm1_0.id,
        kcm1_0.category,
        kcm1_0.keyword 
    from
        keyword_category_mapping kcm1_0 
    where
        kcm1_0.keyword=?
Hibernate: 
    select
        p1_0.id,
        p1_0.category,
        p1_0.name 
    from
        product p1_0 
    where
        p1_0.name=?
Hibernate: 
    select
        kcm1_0.id,
        kcm1_0.category,
        kcm1_0.keyword 
    from
        keyword_category_mapping kcm1_0 
    where
        kcm1_0.keyword=?
Hibernate: 
    select
        p1_0.id,
        p1_0.category,
        p1_0.name 
    from
        product p1_0 
    where
        p1_0.name=?
Hibernate: 
    select
        kcm1_0.id,
        kcm1_0.category,
        kcm1_0.keyword 
    from
        keyword_category_mapping kcm1_0 
    where
        kcm1_0.keyword=?
Hibernate: 
    select
        p1_0.id,
        p1_0.category,
        p1_0.name 
    from
        product p1_0 
    where
        p1_0.name=?
Hibernate: 
    select
        kcm1_0.id,
        kcm1_0.category,
        kcm1_0.keyword 
    from
        keyword_category_mapping kcm1_0 
    where
        kcm1_0.keyword=?
Hibernate: 
    select
        p1_0.id,
        p1_0.category,
        p1_0.name 
    from
        product p1_0 
    where
        p1_0.name=?
Hibernate: 
    select
        kcm1_0.id,
        kcm1_0.category,
        kcm1_0.keyword 
    from
        keyword_category_mapping kcm1_0 
    where
        kcm1_0.keyword=?
Hibernate: 
    select
        p1_0.id,
        p1_0.category,
        p1_0.name 
    from
        product p1_0 
    where
        p1_0.name=?
Hibernate: 
    select
        kcm1_0.id,
        kcm1_0.category,
        kcm1_0.keyword 
    from
        keyword_category_mapping kcm1_0 
    where
        kcm1_0.keyword=?
Hibernate: 
    select
        p1_0.id,
        p1_0.category,
        p1_0.name 
    from
        product p1_0 
    where
        p1_0.name=?
Hibernate: 
    select
        kcm1_0.id,
        kcm1_0.category,
        kcm1_0.keyword 
    from
        keyword_category_mapping kcm1_0 
    where
        kcm1_0.keyword=?
Hibernate: 
    select
        p1_0.id,
        p1_0.category,
        p1_0.name 
    from
        product p1_0 
    where
        p1_0.name=?
Hibernate: 
    select
        kcm1_0.id,
        kcm1_0.category,
        kcm1_0.keyword 
    from
        keyword_category_mapping kcm1_0 
    where
        kcm1_0.keyword=?
Hibernate: 
    select
        p1_0.id,
        p1_0.category,
        p1_0.name 
    from
        product p1_0 
    where
        p1_0.name=?
Hibernate: 
    select
        kcm1_0.id,
        kcm1_0.category,
        kcm1_0.keyword 
    from
        keyword_category_mapping kcm1_0 
    where
        kcm1_0.keyword=?
Hibernate: 
    select
        p1_0.id,
        p1_0.category,
        p1_0.name 
    from
        product p1_0 
    where
        p1_0.name=?
Hibernate: 
    select
        kcm1_0.id,
        kcm1_0.category,
        kcm1_0.keyword 
    from
        keyword_category_mapping kcm1_0 
    where
        kcm1_0.keyword=?
Hibernate: 
    select
        p1_0.id,
        p1_0.category,
        p1_0.name 
    from
        product p1_0 
    where
        p1_0.name=?
Hibernate: 
    select
        kcm1_0.id,
        kcm1_0.category,
        kcm1_0.keyword 
    from
        keyword_category_mapping kcm1_0 
    where
        kcm1_0.keyword=?
Hibernate: 
    select
        p1_0.id,
        p1_0.category,
        p1_0.name 
    from
        product p1_0 
    where
        p1_0.name=?
Hibernate: 
    select
        kcm1_0.id,
        kcm1_0.category,
        kcm1_0.keyword 
    from
        keyword_category_mapping kcm1_0 
    where
        kcm1_0.keyword=?
Hibernate: 
    select
        p1_0.id,
        p1_0.category,
        p1_0.name 
    from
        product p1_0 
    where
        p1_0.name=?
Hibernate: 
    select
        kcm1_0.id,
        kcm1_0.category,
        kcm1_0.keyword 
    from
        keyword_category_mapping kcm1_0 
    where
        kcm1_0.keyword=?
Hibernate: 
    select
        p1_0.id,
        p1_0.category,
        p1_0.name 
    from
        product p1_0 
    where
        p1_0.name=?
Hibernate: 
    select
        kcm1_0.id,
        kcm1_0.category,
        kcm1_0.keyword 
    from
        keyword_category_mapping kcm1_0 
    where
        kcm1_0.keyword=?
Hibernate: 
    select
        p1_0.id,
        p1_0.category,
        p1_0.name 
    from
        product p1_0 
    where
        p1_0.name=?
Hibernate: 
    select
        kcm1_0.id,
        kcm1_0.category,
        kcm1_0.keyword 
    from
        keyword_category_mapping kcm1_0 
    where
        kcm1_0.keyword=?
Hibernate: 
    select
        p1_0.id,
        p1_0.category,
        p1_0.name 
    from
        product p1_0 
    where
        p1_0.name=?
Hibernate: 
    select
        kcm1_0.id,
        kcm1_0.category,
        kcm1_0.keyword 
    from
        keyword_category_mapping kcm1_0 
    where
        kcm1_0.keyword=?
Hibernate: 
    select
        p1_0.id,
        p1_0.category,
        p1_0.name 
    from
        product p1_0 
    where
        p1_0.name=?
Hibernate: 
    select
        kcm1_0.id,
        kcm1_0.category,
        kcm1_0.keyword 
    from
        keyword_category_mapping kcm1_0 
    where
        kcm1_0.keyword=?
Hibernate: 
    select
        p1_0.id,
        p1_0.category,
        p1_0.name 
    from
        product p1_0 
    where
        p1_0.name=?
Hibernate: 
    select
        kcm1_0.id,
        kcm1_0.category,
        kcm1_0.keyword 
    from
        keyword_category_mapping kcm1_0 
    where
        kcm1_0.keyword=?
Hibernate: 
    select
        p1_0.id,
        p1_0.category,
        p1_0.name 
    from
        product p1_0 
    where
        p1_0.name=?
Hibernate: 
    select
        kcm1_0.id,
        kcm1_0.category,
        kcm1_0.keyword 
    from
        keyword_category_mapping kcm1_0 
    where
        kcm1_0.keyword=?
Hibernate: 
    select
        p1_0.id,
        p1_0.category,
        p1_0.name 
    from
        product p1_0 
    where
        p1_0.name=?
Hibernate: 
    select
        kcm1_0.id,
        kcm1_0.category,
        kcm1_0.keyword 
    from
        keyword_category_mapping kcm1_0 
    where
        kcm1_0.keyword=?
Hibernate: 
    select
        p1_0.id,
        p1_0.category,
        p1_0.name 
    from
        product p1_0 
    where
        p1_0.name=?
Hibernate: 
    select
        kcm1_0.id,
        kcm1_0.category,
        kcm1_0.keyword 
    from
        keyword_category_mapping kcm1_0 
    where
        kcm1_0.keyword=?
Hibernate: 
    select
        p1_0.id,
        p1_0.category,
        p1_0.name 
    from
        product p1_0 
    where
        p1_0.name=?
Hibernate: 
    select
        kcm1_0.id,
        kcm1_0.category,
        kcm1_0.keyword 
    from
        keyword_category_mapping kcm1_0 
    where
        kcm1_0.keyword=?
Hibernate: 
    select
        p1_0.id,
        p1_0.category,
        p1_0.name 
    from
        product p1_0 
    where
        p1_0.name=?
Hibernate: 
    select
        kcm1_0.id,
        kcm1_0.category,
        kcm1_0.keyword 
    from
        keyword_category_mapping kcm1_0 
    where
        kcm1_0.keyword=?
Hibernate: 
    select
        p1_0.id,
        p1_0.category,
        p1_0.name 
    from
        product p1_0 
    where
        p1_0.name=?
Hibernate: 
    select
        kcm1_0.id,
        kcm1_0.category,
        kcm1_0.keyword 
    from
        keyword_category_mapping kcm1_0 
    where
        kcm1_0.keyword=?
Hibernate: 
    select
        p1_0.id,
        p1_0.category,
        p1_0.name 
    from
        product p1_0 
    where
        p1_0.name=?
Hibernate: 
    select
        kcm1_0.id,
        kcm1_0.category,
        kcm1_0.keyword 
    from
        keyword_category_mapping kcm1_0 
    where
        kcm1_0.keyword=?
Hibernate: 
    select
        p1_0.id,
        p1_0.category,
        p1_0.name 
    from
        product p1_0 
    where
        p1_0.name=?
Hibernate: 
    select
        kcm1_0.id,
        kcm1_0.category,
        kcm1_0.keyword 
    from
        keyword_category_mapping kcm1_0 
    where
        kcm1_0.keyword=?
Hibernate: 
    select
        p1_0.id,
        p1_0.category,
        p1_0.name 
    from
        product p1_0 
    where
        p1_0.name=?
Hibernate: 
    select
        kcm1_0.id,
        kcm1_0.category,
        kcm1_0.keyword 
    from
        keyword_category_mapping kcm1_0 
    where
        kcm1_0.keyword=?
Hibernate: 
    select
        p1_0.id,
        p1_0.category,
        p1_0.name 
    from
        product p1_0 
    where
        p1_0.name=?
Hibernate: 
    select
        kcm1_0.id,
        kcm1_0.category,
        kcm1_0.keyword 
    from
        keyword_category_mapping kcm1_0 
    where
        kcm1_0.keyword=?
Hibernate: 
    select
        p1_0.id,
        p1_0.category,
        p1_0.name 
    from
        product p1_0 
    where
        p1_0.name=?
Hibernate: 
    select
        kcm1_0.id,
        kcm1_0.category,
        kcm1_0.keyword 
    from
        keyword_category_mapping kcm1_0 
    where
        kcm1_0.keyword=?
Hibernate: 
    select
        p1_0.id,
        p1_0.category,
        p1_0.name 
    from
        product p1_0 
    where
        p1_0.name=?
Hibernate: 
    select
        kcm1_0.id,
        kcm1_0.category,
        kcm1_0.keyword 
    from
        keyword_category_mapping kcm1_0 
    where
        kcm1_0.keyword=?
Hibernate: 
    select
        p1_0.id,
        p1_0.category,
        p1_0.name 
    from
        product p1_0 
    where
        p1_0.name=?
Hibernate: 
    select
        kcm1_0.id,
        kcm1_0.category,
        kcm1_0.keyword 
    from
        keyword_category_mapping kcm1_0 
    where
        kcm1_0.keyword=?
Hibernate: 
    select
        p1_0.id,
        p1_0.category,
        p1_0.name 
    from
        product p1_0 
    where
        p1_0.name=?
Hibernate: 
    select
        kcm1_0.id,
        kcm1_0.category,
        kcm1_0.keyword 
    from
        keyword_category_mapping kcm1_0 
    where
        kcm1_0.keyword=?
Hibernate: 
    select
        p1_0.id,
        p1_0.category,
        p1_0.name 
    from
        product p1_0 
    where
        p1_0.name=?
Hibernate: 
    select
        kcm1_0.id,
        kcm1_0.category,
        kcm1_0.keyword 
    from
        keyword_category_mapping kcm1_0 
    where
        kcm1_0.keyword=?
Hibernate: 
    select
        p1_0.id,
        p1_0.category,
        p1_0.name 
    from
        product p1_0 
    where
        p1_0.name=?
Hibernate: 
    select
        kcm1_0.id,
        kcm1_0.category,
        kcm1_0.keyword 
    from
        keyword_category_mapping kcm1_0 
    where
        kcm1_0.keyword=?
Hibernate: 
    select
        p1_0.id,
        p1_0.category,
        p1_0.name 
    from
        product p1_0 
    where
        p1_0.name=?
Hibernate: 
    select
        kcm1_0.id,
        kcm1_0.category,
        kcm1_0.keyword 
    from
        keyword_category_mapping kcm1_0 
    where
        kcm1_0.keyword=?
Hibernate: 
    select
        p1_0.id,
        p1_0.category,
        p1_0.name 
    from
        product p1_0 
    where
        p1_0.name=?
Hibernate: 
    select
        kcm1_0.id,
        kcm1_0.category,
        kcm1_0.keyword 
    from
        keyword_category_mapping kcm1_0 
    where
        kcm1_0.keyword=?
Hibernate: 
    select
        p1_0.id,
        p1_0.category,
        p1_0.name 
    from
        product p1_0 
    where
        p1_0.name=?
Hibernate: 
    select
        kcm1_0.id,
        kcm1_0.category,
        kcm1_0.keyword 
    from
        keyword_category_mapping kcm1_0 
    where
        kcm1_0.keyword=?
Hibernate: 
    select
        p1_0.id,
        p1_0.category,
        p1_0.name 
    from
        product p1_0 
    where
        p1_0.name=?
Hibernate: 
    select
        kcm1_0.id,
        kcm1_0.category,
        kcm1_0.keyword 
    from
        keyword_category_mapping kcm1_0 
    where
        kcm1_0.keyword=?
Hibernate: 
    select
        p1_0.id,
        p1_0.category,
        p1_0.name 
    from
        product p1_0 
    where
        p1_0.name=?
Hibernate: 
    select
        kcm1_0.id,
        kcm1_0.category,
        kcm1_0.keyword 
    from
        keyword_category_mapping kcm1_0 
    where
        kcm1_0.keyword=?
Hibernate: 
    select
        p1_0.id,
        p1_0.category,
        p1_0.name 
    from
        product p1_0 
    where
        p1_0.name=?
Hibernate: 
    select
        kcm1_0.id,
        kcm1_0.category,
        kcm1_0.keyword 
    from
        keyword_category_mapping kcm1_0 
    where
        kcm1_0.keyword=?
Hibernate: 
    select
        p1_0.id,
        p1_0.category,
        p1_0.name 
    from
        product p1_0 
    where
        p1_0.name=?
Hibernate: 
    select
        kcm1_0.id,
        kcm1_0.category,
        kcm1_0.keyword 
    from
        keyword_category_mapping kcm1_0 
    where
        kcm1_0.keyword=?
Hibernate: 
    select
        p1_0.id,
        p1_0.category,
        p1_0.name 
    from
        product p1_0 
    where
        p1_0.name=?
Hibernate: 
    select
        kcm1_0.id,
        kcm1_0.category,
        kcm1_0.keyword 
    from
        keyword_category_mapping kcm1_0 
    where
        kcm1_0.keyword=?
Hibernate: 
    select
        p1_0.id,
        p1_0.category,
        p1_0.name 
    from
        product p1_0 
    where
        p1_0.name=?
Hibernate: 
    select
        kcm1_0.id,
        kcm1_0.category,
        kcm1_0.keyword 
    from
        keyword_category_mapping kcm1_0 
    where
        kcm1_0.keyword=?
Hibernate: 
    select
        p1_0.id,
        p1_0.category,
        p1_0.name 
    from
        product p1_0 
    where
        p1_0.name=?
Hibernate: 
    select
        kcm1_0.id,
        kcm1_0.category,
        kcm1_0.keyword 
    from
        keyword_category_mapping kcm1_0 
    where
        kcm1_0.keyword=?
Hibernate: 
    select
        p1_0.id,
        p1_0.category,
        p1_0.name 
    from
        product p1_0 
    where
        p1_0.name=?
Hibernate: 
    select
        kcm1_0.id,
        kcm1_0.category,
        kcm1_0.keyword 
    from
        keyword_category_mapping kcm1_0 
    where
        kcm1_0.keyword=?
Hibernate: 
    select
        p1_0.id,
        p1_0.category,
        p1_0.name 
    from
        product p1_0 
    where
        p1_0.name=?
Hibernate: 
    select
        kcm1_0.id,
        kcm1_0.category,
        kcm1_0.keyword 
    from
        keyword_category_mapping kcm1_0 
    where
        kcm1_0.keyword=?
Hibernate: 
    select
        p1_0.id,
        p1_0.category,
        p1_0.name 
    from
        product p1_0 
    where
        p1_0.name=?
Hibernate: 
    select
        kcm1_0.id,
        kcm1_0.category,
        kcm1_0.keyword 
    from
        keyword_category_mapping kcm1_0 
    where
        kcm1_0.keyword=?
Hibernate: 
    select
        p1_0.id,
        p1_0.category,
        p1_0.name 
    from
        product p1_0 
    where
        p1_0.name=?
Hibernate: 
    select
        kcm1_0.id,
        kcm1_0.category,
        kcm1_0.keyword 
    from
        keyword_category_mapping kcm1_0 
    where
        kcm1_0.keyword=?
Hibernate: 
    select
        p1_0.id,
        p1_0.category,
        p1_0.name 
    from
        product p1_0 
    where
        p1_0.name=?
]]></system-out>
  </testcase>
</testsuite>